1651618622.285016 client started (42195): version 3.2a, socket /tmp/tmux-1000/default, protocol 8
1651618622.285031 on Linux 5.16.19-76051619-generic #202204081339~1649696161~22.04~091f44b SMP PREEMPT Mon Apr 11 17
1651618622.285034 using libevent 2.1.12-stable (poll); ncurses 6.3
1651618622.285042 flags are 0x18010000
1651618622.285044 socket is /tmp/tmux-1000/default
1651618622.285052 trying connect
1651618622.285062 connect failed: No such file or directory
1651618622.285067 lock file is /tmp/tmux-1000/default.lock
1651618622.285078 flock succeeded
1651618622.285080 got lock (6)
1651618622.285083 trying connect
1651618622.285087 connect failed: No such file or directory
1651618622.285230 add peer 0x55e8724f9f70: 7 ((nil))
1651618622.339665 sending message 100 to peer 0x55e8724f9f70 (4 bytes)
1651618622.339681 sending message 111 to peer 0x55e8724f9f70 (8 bytes)
1651618622.339684 sending message 101 to peer 0x55e8724f9f70 (15 bytes)
1651618622.339687 sending message 109 to peer 0x55e8724f9f70 (4 bytes)
1651618622.339690 sending message 102 to peer 0x55e8724f9f70 (11 bytes)
1651618622.339692 sending message 108 to peer 0x55e8724f9f70 (22 bytes)
1651618622.339695 sending message 112 to peer 0x55e8724f9f70 (58 bytes)
1651618622.339697 sending message 112 to peer 0x55e8724f9f70 (5 bytes)
1651618622.339700 sending message 112 to peer 0x55e8724f9f70 (5 bytes)
1651618622.339702 sending message 112 to peer 0x55e8724f9f70 (6 bytes)
1651618622.339704 sending message 112 to peer 0x55e8724f9f70 (6 bytes)
1651618622.339706 sending message 112 to peer 0x55e8724f9f70 (11 bytes)
1651618622.339709 sending message 112 to peer 0x55e8724f9f70 (10 bytes)
1651618622.339711 sending message 112 to peer 0x55e8724f9f70 (13 bytes)
1651618622.339713 sending message 112 to peer 0x55e8724f9f70 (14 bytes)
1651618622.339716 sending message 112 to peer 0x55e8724f9f70 (19 bytes)
1651618622.339718 sending message 112 to peer 0x55e8724f9f70 (11 bytes)
1651618622.339720 sending message 112 to peer 0x55e8724f9f70 (10 bytes)
1651618622.339722 sending message 112 to peer 0x55e8724f9f70 (15 bytes)
1651618622.339724 sending message 112 to peer 0x55e8724f9f70 (21 bytes)
1651618622.339727 sending message 112 to peer 0x55e8724f9f70 (13 bytes)
1651618622.339729 sending message 112 to peer 0x55e8724f9f70 (7 bytes)
1651618622.339731 sending message 112 to peer 0x55e8724f9f70 (13 bytes)
1651618622.339733 sending message 112 to peer 0x55e8724f9f70 (7 bytes)
1651618622.339736 sending message 112 to peer 0x55e8724f9f70 (13 bytes)
1651618622.339738 sending message 112 to peer 0x55e8724f9f70 (9 bytes)
1651618622.339740 sending message 112 to peer 0x55e8724f9f70 (21 bytes)
1651618622.339743 sending message 112 to peer 0x55e8724f9f70 (13 bytes)
1651618622.339745 sending message 112 to peer 0x55e8724f9f70 (9 bytes)
1651618622.339748 sending message 112 to peer 0x55e8724f9f70 (16 bytes)
1651618622.339750 sending message 112 to peer 0x55e8724f9f70 (13 bytes)
1651618622.339752 sending message 112 to peer 0x55e8724f9f70 (9 bytes)
1651618622.339755 sending message 112 to peer 0x55e8724f9f70 (9 bytes)
1651618622.339757 sending message 112 to peer 0x55e8724f9f70 (12 bytes)
1651618622.339759 sending message 112 to peer 0x55e8724f9f70 (8 bytes)
1651618622.339761 sending message 112 to peer 0x55e8724f9f70 (8 bytes)
1651618622.339763 sending message 112 to peer 0x55e8724f9f70 (13 bytes)
1651618622.339766 sending message 112 to peer 0x55e8724f9f70 (7 bytes)
1651618622.339768 sending message 112 to peer 0x55e8724f9f70 (7 bytes)
1651618622.339770 sending message 112 to peer 0x55e8724f9f70 (9 bytes)
1651618622.339772 sending message 112 to peer 0x55e8724f9f70 (9 bytes)
1651618622.339775 sending message 112 to peer 0x55e8724f9f70 (15 bytes)
1651618622.339777 sending message 112 to peer 0x55e8724f9f70 (13 bytes)
1651618622.339779 sending message 112 to peer 0x55e8724f9f70 (12 bytes)
1651618622.339781 sending message 112 to peer 0x55e8724f9f70 (8 bytes)
1651618622.339784 sending message 112 to peer 0x55e8724f9f70 (14 bytes)
1651618622.339786 sending message 112 to peer 0x55e8724f9f70 (11 bytes)
1651618622.339796 sending message 112 to peer 0x55e8724f9f70 (9 bytes)
1651618622.339798 sending message 112 to peer 0x55e8724f9f70 (10 bytes)
1651618622.339801 sending message 112 to peer 0x55e8724f9f70 (10 bytes)
1651618622.339803 sending message 112 to peer 0x55e8724f9f70 (10 bytes)
1651618622.339805 sending message 112 to peer 0x55e8724f9f70 (10 bytes)
1651618622.339808 sending message 112 to peer 0x55e8724f9f70 (11 bytes)
1651618622.339810 sending message 112 to peer 0x55e8724f9f70 (12 bytes)
1651618622.339812 sending message 112 to peer 0x55e8724f9f70 (12 bytes)
1651618622.339815 sending message 112 to peer 0x55e8724f9f70 (12 bytes)
1651618622.339817 sending message 112 to peer 0x55e8724f9f70 (12 bytes)
1651618622.339819 sending message 112 to peer 0x55e8724f9f70 (12 bytes)
1651618622.339821 sending message 112 to peer 0x55e8724f9f70 (11 bytes)
1651618622.339824 sending message 112 to peer 0x55e8724f9f70 (11 bytes)
1651618622.339826 sending message 112 to peer 0x55e8724f9f70 (12 bytes)
1651618622.339828 sending message 112 to peer 0x55e8724f9f70 (12 bytes)
1651618622.339830 sending message 112 to peer 0x55e8724f9f70 (12 bytes)
1651618622.339833 sending message 112 to peer 0x55e8724f9f70 (12 bytes)
1651618622.339835 sending message 112 to peer 0x55e8724f9f70 (12 bytes)
1651618622.339837 sending message 112 to peer 0x55e8724f9f70 (9 bytes)
1651618622.339839 sending message 112 to peer 0x55e8724f9f70 (12 bytes)
1651618622.339841 sending message 112 to peer 0x55e8724f9f70 (13 bytes)
1651618622.339844 sending message 112 to peer 0x55e8724f9f70 (13 bytes)
1651618622.339846 sending message 112 to peer 0x55e8724f9f70 (13 bytes)
1651618622.339849 sending message 112 to peer 0x55e8724f9f70 (13 bytes)
1651618622.339853 sending message 112 to peer 0x55e8724f9f70 (13 bytes)
1651618622.339856 sending message 112 to peer 0x55e8724f9f70 (8 bytes)
1651618622.339860 sending message 112 to peer 0x55e8724f9f70 (11 bytes)
1651618622.339863 sending message 112 to peer 0x55e8724f9f70 (11 bytes)
1651618622.339865 sending message 112 to peer 0x55e8724f9f70 (11 bytes)
1651618622.339868 sending message 112 to peer 0x55e8724f9f70 (12 bytes)
1651618622.339871 sending message 112 to peer 0x55e8724f9f70 (12 bytes)
1651618622.339874 sending message 112 to peer 0x55e8724f9f70 (12 bytes)
1651618622.339877 sending message 112 to peer 0x55e8724f9f70 (12 bytes)
1651618622.339880 sending message 112 to peer 0x55e8724f9f70 (13 bytes)
1651618622.339883 sending message 112 to peer 0x55e8724f9f70 (13 bytes)
1651618622.339900 sending message 112 to peer 0x55e8724f9f70 (13 bytes)
1651618622.339903 sending message 112 to peer 0x55e8724f9f70 (8 bytes)
1651618622.339907 sending message 112 to peer 0x55e8724f9f70 (13 bytes)
1651618622.339910 sending message 112 to peer 0x55e8724f9f70 (13 bytes)
1651618622.339914 sending message 112 to peer 0x55e8724f9f70 (13 bytes)
1651618622.339918 sending message 112 to peer 0x55e8724f9f70 (13 bytes)
1651618622.339922 sending message 112 to peer 0x55e8724f9f70 (13 bytes)
1651618622.339925 sending message 112 to peer 0x55e8724f9f70 (12 bytes)
1651618622.339928 sending message 112 to peer 0x55e8724f9f70 (12 bytes)
1651618622.339931 sending message 112 to peer 0x55e8724f9f70 (12 bytes)
1651618622.339935 sending message 112 to peer 0x55e8724f9f70 (12 bytes)
1651618622.339939 sending message 112 to peer 0x55e8724f9f70 (13 bytes)
1651618622.339942 sending message 112 to peer 0x55e8724f9f70 (8 bytes)
1651618622.339945 sending message 112 to peer 0x55e8724f9f70 (13 bytes)
1651618622.339948 sending message 112 to peer 0x55e8724f9f70 (13 bytes)
1651618622.339951 sending message 112 to peer 0x55e8724f9f70 (13 bytes)
1651618622.339954 sending message 112 to peer 0x55e8724f9f70 (13 bytes)
1651618622.339958 sending message 112 to peer 0x55e8724f9f70 (13 bytes)
1651618622.339961 sending message 112 to peer 0x55e8724f9f70 (13 bytes)
1651618622.339964 sending message 112 to peer 0x55e8724f9f70 (13 bytes)
1651618622.339968 sending message 112 to peer 0x55e8724f9f70 (12 bytes)
1651618622.339971 sending message 112 to peer 0x55e8724f9f70 (12 bytes)
1651618622.339980 sending message 112 to peer 0x55e8724f9f70 (12 bytes)
1651618622.339999 sending message 112 to peer 0x55e8724f9f70 (8 bytes)
1651618622.340001 sending message 112 to peer 0x55e8724f9f70 (12 bytes)
1651618622.340004 sending message 112 to peer 0x55e8724f9f70 (13 bytes)
1651618622.340007 sending message 112 to peer 0x55e8724f9f70 (13 bytes)
1651618622.340010 sending message 112 to peer 0x55e8724f9f70 (13 bytes)
1651618622.340012 sending message 112 to peer 0x55e8724f9f70 (13 bytes)
1651618622.340015 sending message 112 to peer 0x55e8724f9f70 (13 bytes)
1651618622.340018 sending message 112 to peer 0x55e8724f9f70 (13 bytes)
1651618622.340020 sending message 112 to peer 0x55e8724f9f70 (13 bytes)
1651618622.340023 sending message 112 to peer 0x55e8724f9f70 (13 bytes)
1651618622.340025 sending message 112 to peer 0x55e8724f9f70 (12 bytes)
1651618622.340027 sending message 112 to peer 0x55e8724f9f70 (10 bytes)
1651618622.340030 sending message 112 to peer 0x55e8724f9f70 (12 bytes)
1651618622.340032 sending message 112 to peer 0x55e8724f9f70 (12 bytes)
1651618622.340035 sending message 112 to peer 0x55e8724f9f70 (12 bytes)
1651618622.340038 sending message 112 to peer 0x55e8724f9f70 (13 bytes)
1651618622.340040 sending message 112 to peer 0x55e8724f9f70 (13 bytes)
1651618622.340043 sending message 112 to peer 0x55e8724f9f70 (13 bytes)
1651618622.340046 sending message 112 to peer 0x55e8724f9f70 (13 bytes)
1651618622.340048 sending message 112 to peer 0x55e8724f9f70 (13 bytes)
1651618622.340051 sending message 112 to peer 0x55e8724f9f70 (13 bytes)
1651618622.340054 sending message 112 to peer 0x55e8724f9f70 (13 bytes)
1651618622.340056 sending message 112 to peer 0x55e8724f9f70 (10 bytes)
1651618622.340059 sending message 112 to peer 0x55e8724f9f70 (13 bytes)
1651618622.340061 sending message 112 to peer 0x55e8724f9f70 (12 bytes)
1651618622.340064 sending message 112 to peer 0x55e8724f9f70 (12 bytes)
1651618622.340066 sending message 112 to peer 0x55e8724f9f70 (12 bytes)
1651618622.340069 sending message 112 to peer 0x55e8724f9f70 (10 bytes)
1651618622.340071 sending message 112 to peer 0x55e8724f9f70 (10 bytes)
1651618622.340074 sending message 112 to peer 0x55e8724f9f70 (10 bytes)
1651618622.340076 sending message 112 to peer 0x55e8724f9f70 (12 bytes)
1651618622.340079 sending message 112 to peer 0x55e8724f9f70 (13 bytes)
1651618622.340081 sending message 112 to peer 0x55e8724f9f70 (13 bytes)
1651618622.340084 sending message 112 to peer 0x55e8724f9f70 (13 bytes)
1651618622.340086 sending message 112 to peer 0x55e8724f9f70 (13 bytes)
1651618622.340089 sending message 112 to peer 0x55e8724f9f70 (13 bytes)
1651618622.340092 sending message 112 to peer 0x55e8724f9f70 (10 bytes)
1651618622.340094 sending message 112 to peer 0x55e8724f9f70 (11 bytes)
1651618622.340097 sending message 112 to peer 0x55e8724f9f70 (12 bytes)
1651618622.340099 sending message 112 to peer 0x55e8724f9f70 (12 bytes)
1651618622.340102 sending message 112 to peer 0x55e8724f9f70 (12 bytes)
1651618622.340104 sending message 112 to peer 0x55e8724f9f70 (12 bytes)
1651618622.340107 sending message 112 to peer 0x55e8724f9f70 (12 bytes)
1651618622.340109 sending message 112 to peer 0x55e8724f9f70 (11 bytes)
1651618622.340112 sending message 112 to peer 0x55e8724f9f70 (12 bytes)
1651618622.340114 sending message 112 to peer 0x55e8724f9f70 (12 bytes)
1651618622.340117 sending message 112 to peer 0x55e8724f9f70 (13 bytes)
1651618622.340119 sending message 112 to peer 0x55e8724f9f70 (13 bytes)
1651618622.340122 sending message 112 to peer 0x55e8724f9f70 (13 bytes)
1651618622.340124 sending message 112 to peer 0x55e8724f9f70 (13 bytes)
1651618622.340127 sending message 112 to peer 0x55e8724f9f70 (13 bytes)
1651618622.340129 sending message 112 to peer 0x55e8724f9f70 (10 bytes)
1651618622.340132 sending message 112 to peer 0x55e8724f9f70 (9 bytes)
1651618622.340134 sending message 112 to peer 0x55e8724f9f70 (12 bytes)
1651618622.340137 sending message 112 to peer 0x55e8724f9f70 (13 bytes)
1651618622.340139 sending message 112 to peer 0x55e8724f9f70 (13 bytes)
1651618622.340144 sending message 112 to peer 0x55e8724f9f70 (13 bytes)
1651618622.340147 sending message 112 to peer 0x55e8724f9f70 (13 bytes)
1651618622.340149 sending message 112 to peer 0x55e8724f9f70 (13 bytes)
1651618622.340152 sending message 112 to peer 0x55e8724f9f70 (9 bytes)
1651618622.340163 sending message 112 to peer 0x55e8724f9f70 (12 bytes)
1651618622.340168 sending message 112 to peer 0x55e8724f9f70 (13 bytes)
1651618622.340171 sending message 112 to peer 0x55e8724f9f70 (13 bytes)
1651618622.340174 sending message 112 to peer 0x55e8724f9f70 (13 bytes)
1651618622.340176 sending message 112 to peer 0x55e8724f9f70 (13 bytes)
1651618622.340179 sending message 112 to peer 0x55e8724f9f70 (13 bytes)
1651618622.340182 sending message 112 to peer 0x55e8724f9f70 (11 bytes)
1651618622.340184 sending message 112 to peer 0x55e8724f9f70 (12 bytes)
1651618622.340187 sending message 112 to peer 0x55e8724f9f70 (13 bytes)
1651618622.340189 sending message 112 to peer 0x55e8724f9f70 (13 bytes)
1651618622.340192 sending message 112 to peer 0x55e8724f9f70 (13 bytes)
1651618622.340194 sending message 112 to peer 0x55e8724f9f70 (13 bytes)
1651618622.340197 sending message 112 to peer 0x55e8724f9f70 (13 bytes)
1651618622.340199 sending message 112 to peer 0x55e8724f9f70 (11 bytes)
1651618622.340202 sending message 112 to peer 0x55e8724f9f70 (12 bytes)
1651618622.340204 sending message 112 to peer 0x55e8724f9f70 (12 bytes)
1651618622.340207 sending message 112 to peer 0x55e8724f9f70 (12 bytes)
1651618622.340237 sending message 112 to peer 0x55e8724f9f70 (12 bytes)
1651618622.340239 sending message 112 to peer 0x55e8724f9f70 (12 bytes)
1651618622.340242 sending message 112 to peer 0x55e8724f9f70 (21 bytes)
1651618622.340244 sending message 112 to peer 0x55e8724f9f70 (12 bytes)
1651618622.340248 sending message 112 to peer 0x55e8724f9f70 (9 bytes)
1651618622.340251 sending message 112 to peer 0x55e8724f9f70 (6 bytes)
1651618622.340254 sending message 112 to peer 0x55e8724f9f70 (13 bytes)
1651618622.340257 sending message 112 to peer 0x55e8724f9f70 (10 bytes)
1651618622.340260 sending message 112 to peer 0x55e8724f9f70 (24 bytes)
1651618622.340262 sending message 112 to peer 0x55e8724f9f70 (13 bytes)
1651618622.340265 sending message 112 to peer 0x55e8724f9f70 (9 bytes)
1651618622.340268 sending message 112 to peer 0x55e8724f9f70 (70 bytes)
1651618622.340270 sending message 112 to peer 0x55e8724f9f70 (69 bytes)
1651618622.340291 sending message 112 to peer 0x55e8724f9f70 (12 bytes)
1651618622.340294 sending message 112 to peer 0x55e8724f9f70 (10 bytes)
1651618622.340297 sending message 112 to peer 0x55e8724f9f70 (10 bytes)
1651618622.340300 sending message 112 to peer 0x55e8724f9f70 (24 bytes)
1651618622.340303 sending message 112 to peer 0x55e8724f9f70 (13 bytes)
1651618622.340306 sending message 112 to peer 0x55e8724f9f70 (10 bytes)
1651618622.340310 sending message 112 to peer 0x55e8724f9f70 (10 bytes)
1651618622.340313 sending message 112 to peer 0x55e8724f9f70 (10 bytes)
1651618622.340316 sending message 112 to peer 0x55e8724f9f70 (13 bytes)
1651618622.340341 sending message 112 to peer 0x55e8724f9f70 (15 bytes)
1651618622.340343 sending message 112 to peer 0x55e8724f9f70 (5 bytes)
1651618622.340347 sending message 104 to peer 0x55e8724f9f70 (0 bytes)
1651618622.340349 sending message 110 to peer 0x55e8724f9f70 (0 bytes)
1651618622.340352 sending message 107 to peer 0x55e8724f9f70 (4 bytes)
1651618622.340355 sending message 105 to peer 0x55e8724f9f70 (16 bytes)
1651618622.340357 sending message 105 to peer 0x55e8724f9f70 (82 bytes)
1651618622.340360 sending message 105 to peer 0x55e8724f9f70 (19 bytes)
1651618622.340362 sending message 105 to peer 0x55e8724f9f70 (16 bytes)
1651618622.340365 sending message 105 to peer 0x55e8724f9f70 (20 bytes)
1651618622.340367 sending message 105 to peer 0x55e8724f9f70 (42 bytes)
1651618622.340370 sending message 105 to peer 0x55e8724f9f70 (33 bytes)
1651618622.340372 sending message 105 to peer 0x55e8724f9f70 (23 bytes)
1651618622.340375 sending message 105 to peer 0x55e8724f9f70 (44 bytes)
1651618622.340381 sending message 105 to peer 0x55e8724f9f70 (19 bytes)
1651618622.340385 sending message 105 to peer 0x55e8724f9f70 (29 bytes)
1651618622.340389 sending message 105 to peer 0x55e8724f9f70 (41 bytes)
1651618622.340393 sending message 105 to peer 0x55e8724f9f70 (20 bytes)
1651618622.340397 sending message 105 to peer 0x55e8724f9f70 (20 bytes)
1651618622.340403 sending message 105 to peer 0x55e8724f9f70 (47 bytes)
1651618622.340408 sending message 105 to peer 0x55e8724f9f70 (26 bytes)
1651618622.340411 sending message 105 to peer 0x55e8724f9f70 (14 bytes)
1651618622.340415 sending message 105 to peer 0x55e8724f9f70 (24 bytes)
1651618622.340420 sending message 105 to peer 0x55e8724f9f70 (21 bytes)
1651618622.340423 sending message 105 to peer 0x55e8724f9f70 (52 bytes)
1651618622.340426 sending message 105 to peer 0x55e8724f9f70 (22 bytes)
1651618622.340429 sending message 105 to peer 0x55e8724f9f70 (41 bytes)
1651618622.340431 sending message 105 to peer 0x55e8724f9f70 (13 bytes)
1651618622.340434 sending message 105 to peer 0x55e8724f9f70 (17 bytes)
1651618622.340436 sending message 105 to peer 0x55e8724f9f70 (15 bytes)
1651618622.340438 sending message 105 to peer 0x55e8724f9f70 (17 bytes)
1651618622.340442 sending message 105 to peer 0x55e8724f9f70 (1519 bytes)
1651618622.340451 sending message 105 to peer 0x55e8724f9f70 (30 bytes)
1651618622.340454 sending message 105 to peer 0x55e8724f9f70 (17 bytes)
1651618622.340457 sending message 105 to peer 0x55e8724f9f70 (86 bytes)
1651618622.340459 sending message 105 to peer 0x55e8724f9f70 (25 bytes)
1651618622.340462 sending message 105 to peer 0x55e8724f9f70 (34 bytes)
1651618622.340464 sending message 105 to peer 0x55e8724f9f70 (23 bytes)
1651618622.340466 sending message 105 to peer 0x55e8724f9f70 (20 bytes)
1651618622.340469 sending message 105 to peer 0x55e8724f9f70 (32 bytes)
1651618622.340471 sending message 105 to peer 0x55e8724f9f70 (11 bytes)
1651618622.340474 sending message 105 to peer 0x55e8724f9f70 (30 bytes)
1651618622.340476 sending message 105 to peer 0x55e8724f9f70 (11 bytes)
1651618622.340478 sending message 105 to peer 0x55e8724f9f70 (8 bytes)
1651618622.340481 sending message 105 to peer 0x55e8724f9f70 (14 bytes)
1651618622.340484 sending message 105 to peer 0x55e8724f9f70 (18 bytes)
1651618622.340486 sending message 105 to peer 0x55e8724f9f70 (31 bytes)
1651618622.340489 sending message 105 to peer 0x55e8724f9f70 (154 bytes)
1651618622.340491 sending message 105 to peer 0x55e8724f9f70 (127 bytes)
1651618622.340494 sending message 105 to peer 0x55e8724f9f70 (15 bytes)
1651618622.340497 sending message 105 to peer 0x55e8724f9f70 (54 bytes)
1651618622.340499 sending message 105 to peer 0x55e8724f9f70 (16 bytes)
1651618622.340502 sending message 105 to peer 0x55e8724f9f70 (19 bytes)
1651618622.340504 sending message 106 to peer 0x55e8724f9f70 (0 bytes)
1651618622.340514 sending message 200 to peer 0x55e8724f9f70 (4 bytes)
1651618622.340517 client loop enter
1651618622.340582 client_signal: Child exited
1651618622.425934 peer 0x55e8724f9f70 message 207
1651618622.425958 sending message 208 to peer 0x55e8724f9f70 (0 bytes)
1651618624.525598 peer 0x55e8724f9f70 message 203
1651618624.525637 sending message 205 to peer 0x55e8724f9f70 (0 bytes)
1651618624.526489 peer 0x55e8724f9f70 message 204
1651618624.526521 client loop exit
